2023-11-17 18:41:59,195 INFO  StartupInfoLogger:55 - [] Starting ElectronicStoreApplication using Java 17.0.5 on DESKTOP-J6LS9NN with PID 2312 (D:\New folder\Intellij_Workspaces\ElectronicStore\ElectronicStore\target\classes started by ACS in D:\New folder\Intellij_Workspaces\ElectronicStore\ElectronicStore)
2023-11-17 18:41:59,204 INFO  SpringApplication:632 - [] No active profile set, falling back to 1 default profile: "default"
2023-11-17 18:42:00,676 INFO  RepositoryConfigurationDelegate:132 - [] Bootstrapping Spring Data JPA repositories in DEFAULT mode.
2023-11-17 18:42:00,804 INFO  RepositoryConfigurationDelegate:201 - [] Finished Spring Data repository scanning in 99 ms. Found 1 JPA repository interfaces.
2023-11-17 18:42:02,116 INFO  TomcatWebServer:108 - [] Tomcat initialized with port(s): 8484 (http)
2023-11-17 18:42:02,140 INFO  DirectJDKLog:173 - [] Starting service [Tomcat]
2023-11-17 18:42:02,142 INFO  DirectJDKLog:173 - [] Starting Servlet engine: [Apache Tomcat/9.0.82]
2023-11-17 18:42:02,418 INFO  DirectJDKLog:173 - [] Initializing Spring embedded WebApplicationContext
2023-11-17 18:42:02,419 INFO  ServletWebServerApplicationContext:292 - [] Root WebApplicationContext: initialization completed in 3087 ms
2023-11-17 18:42:02,754 INFO  LogHelper:31 - [] HHH000204: Processing PersistenceUnitInfo [name: default]
2023-11-17 18:42:02,911 INFO  Version:44 - [] HHH000412: Hibernate ORM core version 5.6.15.Final
2023-11-17 18:42:03,368 INFO  JavaReflectionManager:56 - [] HCANN000001: Hibernate Commons Annotations {5.1.2.Final}
2023-11-17 18:42:03,618 INFO  HikariDataSource:110 - [] HikariPool-1 - Starting...
2023-11-17 18:42:04,465 INFO  HikariDataSource:123 - [] HikariPool-1 - Start completed.
2023-11-17 18:42:04,525 INFO  Dialect:175 - [] HHH000400: Using dialect: org.hibernate.dialect.MySQL8Dialect
2023-11-17 18:42:05,965 INFO  JtaPlatformInitiator:52 - [] HHH000490: Using JtaPlatform implementation: [org.hibernate.engine.transaction.jta.platform.internal.NoJtaPlatform]
2023-11-17 18:42:05,985 INFO  AbstractEntityManagerFactoryBean:437 - [] Initialized JPA EntityManagerFactory for persistence unit 'default'
2023-11-17 18:42:06,892 WARN  JpaBaseConfiguration$JpaWebConfiguration:223 - [] spring.jpa.open-in-view is enabled by default. Therefore, database queries may be performed during view rendering. Explicitly configure spring.jpa.open-in-view to disable this warning
2023-11-17 18:42:07,553 INFO  TomcatWebServer:220 - [] Tomcat started on port(s): 8484 (http) with context path ''
2023-11-17 18:42:07,571 INFO  StartupInfoLogger:61 - [] Started ElectronicStoreApplication in 9.534 seconds (JVM running for 10.481)
2023-11-17 18:42:16,088 INFO  AbstractEntityManagerFactoryBean:651 - [] Closing JPA EntityManagerFactory for persistence unit 'default'
2023-11-17 18:42:16,092 INFO  HikariDataSource:350 - [] HikariPool-1 - Shutdown initiated...
2023-11-17 18:42:16,108 INFO  HikariDataSource:352 - [] HikariPool-1 - Shutdown completed.
